2024-11-15 22:41:46,843 - ERROR - Config file config.json not found
2024-11-15 22:42:19,955 - ERROR - Error tracking https://www.amazon.com/product1: 404 Client Error: Not Found for url: https://www.amazon.com/product1
2024-11-15 22:42:20,730 - ERROR - Error tracking https://www.amazon.com/product2: 404 Client Error: Not Found for url: https://www.amazon.com/product2
2024-11-15 22:43:21,901 - INFO - Product: Stanley The Quick Flip Paslanmaz 큰lik Termos Bardak, 0.47 lt - Current Price: $1.30
2024-11-15 22:43:22,576 - ERROR - Failed to send email: (535, b'5.7.8 Username and Password not accepted. For more information, go to\n5.7.8  https://support.google.com/mail/?p=BadCredentials 5b1f17b1804b1-432dac1f94asm62975815e9.39 - gsmtp')
2024-11-15 22:43:25,162 - INFO - Product: Stanley The Quick Flip Paslanmaz 큰lik Termos, 1.06 lt - Current Price: $1.21
2024-11-15 22:43:25,816 - ERROR - Failed to send email: (535, b'5.7.8 Username and Password not accepted. For more information, go to\n5.7.8  https://support.google.com/mail/?p=BadCredentials ffacd0b85a97d-3822ed2bc9esm1239486f8f.6 - gsmtp')
2024-11-15 22:45:38,304 - INFO - Product: Stanley The Quick Flip Paslanmaz 큰lik Termos Bardak, 0.47 lt - Current Price: $1.30
2024-11-15 22:45:39,341 - ERROR - Failed to send email: (535, b'5.7.8 Username and Password not accepted. For more information, go to\n5.7.8  https://support.google.com/mail/?p=BadCredentials 5b1f17b1804b1-432dac0ae04sm62621365e9.33 - gsmtp')
2024-11-15 22:45:42,157 - INFO - Product: Stanley The Quick Flip Paslanmaz 큰lik Termos, 1.06 lt - Current Price: $1.21
2024-11-15 22:45:43,112 - ERROR - Failed to send email: (535, b'5.7.8 Username and Password not accepted. For more information, go to\n5.7.8  https://support.google.com/mail/?p=BadCredentials ffacd0b85a97d-3821adbebe2sm5113252f8f.61 - gsmtp')
2024-11-15 22:46:18,953 - INFO - Product: Stanley The Quick Flip Paslanmaz 큰lik Termos Bardak, 0.47 lt - Current Price: $1.30
2024-11-15 22:46:19,893 - ERROR - Failed to send email: (535, b'5.7.8 Username and Password not accepted. For more information, go to\n5.7.8  https://support.google.com/mail/?p=BadCredentials ffacd0b85a97d-3821ae15d7esm5187808f8f.65 - gsmtp')
2024-11-15 22:46:22,309 - INFO - Product: Stanley The Quick Flip Paslanmaz 큰lik Termos, 1.06 lt - Current Price: $1.21
2024-11-15 22:46:23,297 - ERROR - Failed to send email: (535, b'5.7.8 Username and Password not accepted. For more information, go to\n5.7.8  https://support.google.com/mail/?p=BadCredentials ffacd0b85a97d-3821adad619sm5119866f8f.27 - gsmtp')
2024-11-15 22:46:48,474 - INFO - Product: Stanley The Quick Flip Paslanmaz 큰lik Termos Bardak, 0.47 lt - Current Price: $1.30
2024-11-15 22:46:49,411 - ERROR - Failed to send email: (535, b'5.7.8 Username and Password not accepted. For more information, go to\n5.7.8  https://support.google.com/mail/?p=BadCredentials 5b1f17b1804b1-432da28ce85sm66126255e9.33 - gsmtp')
2024-11-15 22:46:52,401 - INFO - Product: Stanley The Quick Flip Paslanmaz 큰lik Termos, 1.06 lt - Current Price: $1.21
2024-11-15 22:46:53,373 - ERROR - Failed to send email: (535, b'5.7.8 Username and Password not accepted. For more information, go to\n5.7.8  https://support.google.com/mail/?p=BadCredentials 5b1f17b1804b1-432da29978dsm66184815e9.41 - gsmtp')
2024-11-15 23:29:39,188 - ERROR - Error tracking https://www.hepsiburada.com/philips-ep5547-90-5500-serisi-tam-otomatik-espresso-makinesi-p-hbcv0000670co6: HTTPSConnectionPool(host='www.hepsiburada.com', port=443): Read timed out. (read timeout=10)
2024-11-15 23:34:35,326 - ERROR - Error tracking https://www.hepsiburada.com/philips-ep5547-90-5500-serisi-tam-otomatik-espresso-makinesi-p-hbcv0000670co6: ('Connection aborted.', RemoteDisconnected('Remote end closed connection without response'))
2024-11-15 23:37:46,174 - WARNING - Retrying (Retry(total=2, connect=None, read=None, redirect=None, status=None)) after connection broken by 'ReadTimeoutError("HTTPSConnectionPool(host='www.hepsiburada.com', port=443): Read timed out. (read timeout=30)")': /philips-ep5547-90-5500-serisi-tam-otomatik-espresso-makinesi-p-hbcv0000670co6
2024-11-15 23:38:05,742 - WARNING - Retrying (Retry(total=1, connect=None, read=None, redirect=None, status=None)) after connection broken by 'RemoteDisconnected('Remote end closed connection without response')': /philips-ep5547-90-5500-serisi-tam-otomatik-espresso-makinesi-p-hbcv0000670co6
2024-11-15 23:38:25,333 - WARNING - Retrying (Retry(total=0, connect=None, read=None, redirect=None, status=None)) after connection broken by 'RemoteDisconnected('Remote end closed connection without response')': /philips-ep5547-90-5500-serisi-tam-otomatik-espresso-makinesi-p-hbcv0000670co6
2024-11-15 23:38:55,695 - WARNING - Connection error for https://www.hepsiburada.com/philips-ep5547-90-5500-serisi-tam-otomatik-espresso-makinesi-p-hbcv0000670co6, retrying in 5s... (1/3)
2024-11-15 23:39:06,587 - ERROR - Unexpected error tracking https://www.amazon.com.tr/STANLEY-Quick-Paslanmaz-Termos-Turuncu/dp/B0CNTW2G2F/?_encoding=UTF8&ref_=pd_hp_d_atf_ci_mcx_mr_ca_hp_atf_d: module 'requests' has no attribute 'Retry'
2024-11-15 23:39:07,590 - ERROR - Unexpected error tracking https://www.hepsiburada.com/philips-ep5547-90-5500-serisi-tam-otomatik-espresso-makinesi-p-hbcv0000670co6: module 'requests' has no attribute 'Retry'
2024-11-15 23:39:50,412 - ERROR - Unexpected error tracking https://www.amazon.com.tr/STANLEY-Quick-Paslanmaz-Termos-Turuncu/dp/B0CNTW2G2F/?_encoding=UTF8&ref_=pd_hp_d_atf_ci_mcx_mr_ca_hp_atf_d: module 'requests' has no attribute 'Retry'
2024-11-15 23:39:51,417 - ERROR - Unexpected error tracking https://www.hepsiburada.com/philips-ep5547-90-5500-serisi-tam-otomatik-espresso-makinesi-p-hbcv0000670co6: module 'requests' has no attribute 'Retry'
2024-11-15 23:41:41,656 - WARNING - Retrying (Retry(total=2, connect=None, read=None, redirect=None, status=None)) after connection broken by 'ReadTimeoutError("HTTPSConnectionPool(host='www.hepsiburada.com', port=443): Read timed out. (read timeout=45)")': /philips-ep5547-90-5500-serisi-tam-otomatik-espresso-makinesi-p-hbcv0000670co6
2024-11-15 23:43:48,960 - WARNING - Retrying (Retry(total=2, connect=None, read=None, redirect=None, status=None)) after connection broken by 'ReadTimeoutError("HTTPSConnectionPool(host='www.hepsiburada.com', port=443): Read timed out. (read timeout=45)")': /philips-ep5547-90-5500-serisi-tam-otomatik-espresso-makinesi-p-hbcv0000670co6
2024-11-15 23:44:35,278 - WARNING - Retrying (Retry(total=1, connect=None, read=None, redirect=None, status=None)) after connection broken by 'ReadTimeoutError("HTTPSConnectionPool(host='www.hepsiburada.com', port=443): Read timed out. (read timeout=45)")': /philips-ep5547-90-5500-serisi-tam-otomatik-espresso-makinesi-p-hbcv0000670co6
2024-11-15 23:55:11,201 - WARNING - Retrying (Retry(total=2, connect=None, read=None, redirect=None, status=None)) after connection broken by 'ReadTimeoutError("HTTPSConnectionPool(host='www.hepsiburada.com', port=443): Read timed out. (read timeout=45)")': /casper-excalibur-m-e238fhd-g-23-8-200hz-1ms-300nit-hdmi-display-port-curved-freesync-g-sync-fhd-monitor-p-HBCV00002Z6L30?magaza=Hepsiburada&trackingId=10717206
2024-11-15 23:55:57,529 - WARNING - Retrying (Retry(total=1, connect=None, read=None, redirect=None, status=None)) after connection broken by 'ReadTimeoutError("HTTPSConnectionPool(host='www.hepsiburada.com', port=443): Read timed out. (read timeout=45)")': /casper-excalibur-m-e238fhd-g-23-8-200hz-1ms-300nit-hdmi-display-port-curved-freesync-g-sync-fhd-monitor-p-HBCV00002Z6L30?magaza=Hepsiburada&trackingId=10717206
2024-11-15 23:56:44,870 - WARNING - Retrying (Retry(total=0, connect=None, read=None, redirect=None, status=None)) after connection broken by 'ReadTimeoutError("HTTPSConnectionPool(host='www.hepsiburada.com', port=443): Read timed out. (read timeout=45)")': /casper-excalibur-m-e238fhd-g-23-8-200hz-1ms-300nit-hdmi-display-port-curved-freesync-g-sync-fhd-monitor-p-HBCV00002Z6L30?magaza=Hepsiburada&trackingId=10717206
2024-11-15 23:57:30,210 - ERROR - Error tracking https://www.hepsiburada.com/casper-excalibur-m-e238fhd-g-23-8-200hz-1ms-300nit-hdmi-display-port-curved-freesync-g-sync-fhd-monitor-p-HBCV00002Z6L30?magaza=Hepsiburada&trackingId=10717206: HTTPSConnectionPool(host='www.hepsiburada.com', port=443): Max retries exceeded with url: /casper-excalibur-m-e238fhd-g-23-8-200hz-1ms-300nit-hdmi-display-port-curved-freesync-g-sync-fhd-monitor-p-HBCV00002Z6L30?magaza=Hepsiburada&trackingId=10717206 (Caused by ReadTimeoutError("HTTPSConnectionPool(host='www.hepsiburada.com', port=443): Read timed out. (read timeout=45)"))
